2012-10-12 21:00:05
===========================================

[Exception Message]
-------------------------------------------
索引超出了数组界限。
   在 MikuMikuMoving.ModelFile.UpdateAfterPhysics(PhysicsContext physics, Boolean stillMode, Single elapsedTime)
   在 MikuMikuMoving.PmdFile.MotionAfterPhysics(PhysicsContext physics, Boolean stillMode, Single elapsedTime)
   在 MikuMikuMoving.Character.UpdateAfterPhysics(PhysicsContext physics, Single elapsedTime)
   在 MikuMikuMoving.RenderPanel.<>c__DisplayClass29.<UpdatePhysics>b__28(ModelObject obj)
   在 System.Collections.Generic.List`1.ForEach(Action`1 action)
   在 MikuMikuMoving.RenderPanel.UpdatePhysics(Single physicsElapsedTime)
   在 MikuMikuMoving.AlwaysPhysicsState.NormalUpdate(RenderPanel renderpanel, Single physicsElapsedTime)
   在 MikuMikuMoving.RenderPanelEditingState.UpdatePhysics(RenderPanel renderpanel, Single physicsElapsedTime)
   在 MikuMikuMoving.RenderPanel.UpdateModelBones(Single motionElapsedTime, Single physicsElapsedTime)
   在 MikuMikuMoving.SystemController.set_PhysicsType(PhysicsType value)
   在 MikuMikuMoving.TopForm.physicsAlwaysToggleButtonElement_Click(Object sender, EventArgs e)
   在 Telerik.WinControls.RadItem.OnClick(EventArgs e)
   在 Telerik.WinControls.UI.RadButtonItem.OnClick(EventArgs e)
   在 Telerik.WinControls.UI.RadToggleButtonElement.OnClick(EventArgs e)
   在 Telerik.WinControls.RadItem.DoClick(EventArgs e)
   在 Telerik.WinControls.RadItem.RaiseBubbleEvent(RadElement sender, RoutedEventArgs args)
   在 Telerik.WinControls.RadElement.RaiseRoutedEvent(RadElement sender, RoutedEventArgs args)
   在 Telerik.WinControls.RadItem.RaiseBubbleEvent(RadElement sender, RoutedEventArgs args)
   在 Telerik.WinControls.RadElement.RaiseRoutedEvent(RadElement sender, RoutedEventArgs args)
   在 Telerik.WinControls.RadElement.DoMouseUp(MouseEventArgs e)
   在 Telerik.WinControls.ComponentInputBehavior.OnMouseUp(MouseEventArgs e)
   在 Telerik.WinControls.RadControl.OnMouseUp(MouseEventArgs e)
   在 System.Windows.Forms.Control.WmMouseUp(Message& m, MouseButtons button, Int32 clicks)
   在 System.Windows.Forms.Control.WndProc(Message& m)
   在 System.Windows.Forms.ScrollableControl.WndProc(Message& m)
   在 Telerik.WinControls.RadControl.WndProc(Message& m)
   在 Telerik.WinControls.UI.RadRibbonBar.WndProc(Message& m)
   在 System.Windows.Forms.Control.ControlNativeWindow.OnMessage(Message& m)
   在 System.Windows.Forms.Control.ControlNativeWindow.WndProc(Message& m)
   在 System.Windows.Forms.NativeWindow.Callback(IntPtr hWnd, Int32 msg, IntPtr wparam, IntPtr lparam)

[Process Information]
-------------------------------------------


[System Information]
-------------------------------------------
OS        : Windows XP Professional (5.1, Build 2600) Service Pack 3 (2600.xpsp_sp3_gdr.120821-1629)
CPU       : AMD Athlon(tm) X2 240 Processor,  MMX,  3DNow (2 CPUs), ~2.8GHz
Memory    : 2048MB RAM
PageFile  : 1702MB used, 1259MB available
DirectX   : DirectX 9.0c (4.09.0000.0904)
DebugMode : FALSE

[Display Device 0]
-------------------------------------------
Name      : NVIDIA GeForce 8500 GT
ChipType  : GeForce 8500 GT
VRAM      : 512.0 MB
DispMode  : 1280 x 768 (32 bit) (60Hz)
DDI       : 9 (or higher)
D3DAccel  : DispMode  : 1280 x 768 (32 bit) (60Hz)
